Microsoft HTML Help Compiler 4.74.8702

Compiling d:\Projects\CLKing\Src\Help\Chs\StockAna.chm

htm\index.htm
htm\func.htm
htm\menu.htm
htm\toolbar.htm
htm\acce.htm
htm\theory.htm
htm\kline.htm
htm\techs.htm
htm\danni.htm
htm\zhongshi.htm
htm\bowen.htm
htm\shihuazi.htm
htm\purchase.htm
images\logo.gif
images\banner.gif
images\func01.jpg
images\func02.jpg
images\func03.jpg
images\func04.jpg
images\func05.jpg
images\func06.jpg
images\func07.jpg
images\func08.jpg
images\func09.jpg
images\func10.jpg

Compile time: 0 minutes, 7 seconds
23	Topics
39	Local links
22	Internet links
12	Graphics


Created d:\Projects\CLKing\Src\Help\Chs\StockAna.chm, 719,664 bytes
Compression decreased file by 182,844 bytes.
