Microsoft HTML Help Compiler 4.74.8702

Compiling d:\Projects\CLKing\Src\Help\Enu\StockAna.chm

htm\index.htm
htm\func.htm
htm\menu.htm
htm\toolbar.htm
htm\acce.htm
htm\purchase.htm
images\banner.gif
images\func01.jpg
images\func02.jpg
images\func03.jpg
images\func04.jpg
images\func05.jpg
images\func06.jpg
images\func07.jpg
images\func08.jpg
images\func09.jpg
images\func10.jpg

Compile time: 0 minutes, 1 second
15	Topics
28	Local links
7	Internet links
11	Graphics


Created d:\Projects\CLKing\Src\Help\Enu\StockAna.chm, 555,247 bytes
Compression decreased file by 109,555 bytes.
